<?xml version="1.0" encoding="UTF-8"?>
<!-- Generated by org.testng.reporters.JUnitReportReporter -->
<testsuite hostname="186590d07ca1.ant.amazon.com" name="testng.basics.mockingTest" tests="1" failures="0" timestamp="19 Jun 2018 06:46:18 GMT" time="0.270" errors="0">
  <testcase name="splitsAddressesByComma" time="0.270" classname="testng.basics.mockingTest"/>
</testsuite> <!-- testng.basics.mockingTest -->
